{"id":"ae49361c7805","time":"2026-03-26T20:56:53+00:00","event":"request_received","data":{"method":"POST","request_keys_sample":["DOMAIN","PROTOCOL","LANG","APP_SID","AUTH_ID","AUTH_EXPIRES","REFRESH_ID","SERVER_ENDPOINT","member_id","status","PLACEMENT","PLACEMENT_OPTIONS"],"has_placement_options":true,"placement_options_raw_len":24,"portal_member_id_from_request":76}}
{"id":"ae49361c7805","time":"2026-03-26T20:56:53+00:00","event":"current_user_id_from_post","data":{"raw":"","int":0,"portal_member_id_raw":"","portal_member_id_int":0}}
{"id":"458444f3e879","time":"2026-03-26T20:56:57+00:00","event":"request_received","data":{"method":"POST","request_keys_sample":["DOMAIN","PROTOCOL","LANG","APP_SID","current_user_id","portal_member_id","inn"],"has_placement_options":false,"placement_options_raw_len":0,"portal_member_id_from_request":0}}
{"id":"458444f3e879","time":"2026-03-26T20:56:57+00:00","event":"current_user_id_from_post","data":{"raw":"","int":0,"portal_member_id_raw":"76","portal_member_id_int":76}}
{"id":"458444f3e879","time":"2026-03-26T20:56:57+00:00","event":"current_user_set_from_portal_member_id_post","data":{"portal_member_id_set":"76"}}
{"id":"458444f3e879","time":"2026-03-26T20:56:59+00:00","event":"observer_user_id_used","data":{"user_id_int":76,"current_user_id_display":"76"}}
{"id":"99829d17e9e6","time":"2026-03-26T20:57:39+00:00","event":"request_received","data":{"method":"POST","request_keys_sample":["DOMAIN","PROTOCOL","LANG","APP_SID","AUTH_ID","AUTH_EXPIRES","REFRESH_ID","SERVER_ENDPOINT","member_id","status","PLACEMENT","PLACEMENT_OPTIONS"],"has_placement_options":true,"placement_options_raw_len":42,"portal_member_id_from_request":76}}
{"id":"99829d17e9e6","time":"2026-03-26T20:57:39+00:00","event":"current_user_id_from_post","data":{"raw":"","int":0,"portal_member_id_raw":"","portal_member_id_int":0}}
{"id":"61983b8532f5","time":"2026-03-26T20:57:48+00:00","event":"request_received","data":{"method":"POST","request_keys_sample":["DOMAIN","PROTOCOL","LANG","APP_SID","current_user_id","portal_member_id","inn"],"has_placement_options":false,"placement_options_raw_len":0,"portal_member_id_from_request":0}}
{"id":"61983b8532f5","time":"2026-03-26T20:57:48+00:00","event":"current_user_id_from_post","data":{"raw":"","int":0,"portal_member_id_raw":"76","portal_member_id_int":76}}
{"id":"61983b8532f5","time":"2026-03-26T20:57:48+00:00","event":"current_user_set_from_portal_member_id_post","data":{"portal_member_id_set":"76"}}
{"id":"61983b8532f5","time":"2026-03-26T20:57:51+00:00","event":"observer_user_id_used","data":{"user_id_int":76,"current_user_id_display":"76"}}
{"id":"13fa210d9f83","time":"2026-03-26T20:57:53+00:00","event":"request_received","data":{"method":"POST","request_keys_sample":["DOMAIN","PROTOCOL","LANG","APP_SID","current_user_id","portal_member_id","inn"],"has_placement_options":false,"placement_options_raw_len":0,"portal_member_id_from_request":0}}
{"id":"13fa210d9f83","time":"2026-03-26T20:57:53+00:00","event":"current_user_id_from_post","data":{"raw":"","int":0,"portal_member_id_raw":"0","portal_member_id_int":0}}
{"id":"13fa210d9f83","time":"2026-03-26T20:57:56+00:00","event":"observer_user_id_used","data":{"user_id_int":2521,"current_user_id_display":"2521"}}
{"id":"df9c8e168a6e","time":"2026-03-26T20:58:14+00:00","event":"request_received","data":{"method":"POST","request_keys_sample":["DOMAIN","PROTOCOL","LANG","APP_SID","AUTH_ID","AUTH_EXPIRES","REFRESH_ID","SERVER_ENDPOINT","member_id","status","PLACEMENT","PLACEMENT_OPTIONS"],"has_placement_options":true,"placement_options_raw_len":42,"portal_member_id_from_request":76}}
{"id":"df9c8e168a6e","time":"2026-03-26T20:58:14+00:00","event":"current_user_id_from_post","data":{"raw":"","int":0,"portal_member_id_raw":"","portal_member_id_int":0}}
{"id":"9462da87974f","time":"2026-03-26T20:58:22+00:00","event":"request_received","data":{"method":"POST","request_keys_sample":["DOMAIN","PROTOCOL","LANG","APP_SID","current_user_id","portal_member_id","inn"],"has_placement_options":false,"placement_options_raw_len":0,"portal_member_id_from_request":0}}
{"id":"9462da87974f","time":"2026-03-26T20:58:22+00:00","event":"current_user_id_from_post","data":{"raw":"","int":0,"portal_member_id_raw":"76","portal_member_id_int":76}}
{"id":"9462da87974f","time":"2026-03-26T20:58:22+00:00","event":"current_user_set_from_portal_member_id_post","data":{"portal_member_id_set":"76"}}
{"id":"9462da87974f","time":"2026-03-26T20:58:24+00:00","event":"observer_user_id_used","data":{"user_id_int":76,"current_user_id_display":"76"}}
{"id":"5c794ca66aff","time":"2026-03-26T20:58:27+00:00","event":"request_received","data":{"method":"POST","request_keys_sample":["DOMAIN","PROTOCOL","LANG","APP_SID","current_user_id","portal_member_id","inn"],"has_placement_options":false,"placement_options_raw_len":0,"portal_member_id_from_request":0}}
{"id":"5c794ca66aff","time":"2026-03-26T20:58:27+00:00","event":"current_user_id_from_post","data":{"raw":"","int":0,"portal_member_id_raw":"0","portal_member_id_int":0}}
{"id":"5c794ca66aff","time":"2026-03-26T20:58:29+00:00","event":"observer_user_id_used","data":{"user_id_int":2521,"current_user_id_display":"2521"}}
{"id":"a664fdf40396","time":"2026-03-26T20:58:30+00:00","event":"request_received","data":{"method":"POST","request_keys_sample":["DOMAIN","PROTOCOL","LANG","APP_SID","current_user_id","portal_member_id","inn"],"has_placement_options":false,"placement_options_raw_len":0,"portal_member_id_from_request":0}}
{"id":"a664fdf40396","time":"2026-03-26T20:58:30+00:00","event":"current_user_id_from_post","data":{"raw":"","int":0,"portal_member_id_raw":"0","portal_member_id_int":0}}
{"id":"a664fdf40396","time":"2026-03-26T20:58:33+00:00","event":"observer_user_id_used","data":{"user_id_int":2521,"current_user_id_display":"2521"}}
{"id":"27e483cc3c13","time":"2026-03-26T21:03:05+00:00","event":"request_received","data":{"method":"POST","request_keys_sample":["DOMAIN","PROTOCOL","LANG","APP_SID","AUTH_ID","AUTH_EXPIRES","REFRESH_ID","SERVER_ENDPOINT","member_id","status","PLACEMENT"],"has_placement_options":false,"placement_options_raw_len":0,"portal_member_id_from_request":76}}
{"id":"27e483cc3c13","time":"2026-03-26T21:03:05+00:00","event":"current_user_id_from_post","data":{"raw":"","int":0,"portal_member_id_raw":"","portal_member_id_int":0}}
{"id":"bb1d701206bc","time":"2026-03-26T21:03:19+00:00","event":"request_received","data":{"method":"POST","request_keys_sample":["DOMAIN","PROTOCOL","LANG","APP_SID","AUTH_ID","AUTH_EXPIRES","REFRESH_ID","SERVER_ENDPOINT","member_id","status","PLACEMENT","PLACEMENT_OPTIONS"],"has_placement_options":true,"placement_options_raw_len":24,"portal_member_id_from_request":76}}
{"id":"bb1d701206bc","time":"2026-03-26T21:03:19+00:00","event":"current_user_id_from_post","data":{"raw":"","int":0,"portal_member_id_raw":"","portal_member_id_int":0}}
{"id":"756175a17f17","time":"2026-03-26T21:03:25+00:00","event":"request_received","data":{"method":"POST","request_keys_sample":["DOMAIN","PROTOCOL","LANG","APP_SID","current_user_id","portal_member_id","inn"],"has_placement_options":false,"placement_options_raw_len":0,"portal_member_id_from_request":0}}
{"id":"756175a17f17","time":"2026-03-26T21:03:25+00:00","event":"current_user_id_from_post","data":{"raw":"","int":0,"portal_member_id_raw":"76","portal_member_id_int":76}}
{"id":"756175a17f17","time":"2026-03-26T21:03:25+00:00","event":"current_user_set_from_portal_member_id_post","data":{"portal_member_id_set":"76"}}
{"id":"756175a17f17","time":"2026-03-26T21:03:27+00:00","event":"observer_user_id_used","data":{"user_id_int":76,"current_user_id_display":"76"}}
{"id":"0b1a27dbdd1d","time":"2026-03-26T21:03:31+00:00","event":"request_received","data":{"method":"POST","request_keys_sample":["DOMAIN","PROTOCOL","LANG","APP_SID","current_user_id","portal_member_id","inn"],"has_placement_options":false,"placement_options_raw_len":0,"portal_member_id_from_request":0}}
{"id":"0b1a27dbdd1d","time":"2026-03-26T21:03:31+00:00","event":"current_user_id_from_post","data":{"raw":"","int":0,"portal_member_id_raw":"0","portal_member_id_int":0}}
{"id":"0b1a27dbdd1d","time":"2026-03-26T21:03:33+00:00","event":"observer_user_id_used","data":{"user_id_int":2521,"current_user_id_display":"2521"}}
{"id":"a47816c06c89","time":"2026-03-26T21:04:11+00:00","event":"request_received","data":{"method":"POST","request_keys_sample":["DOMAIN","PROTOCOL","LANG","APP_SID","AUTH_ID","AUTH_EXPIRES","REFRESH_ID","SERVER_ENDPOINT","member_id","status","PLACEMENT","PLACEMENT_OPTIONS"],"has_placement_options":true,"placement_options_raw_len":42,"portal_member_id_from_request":76}}
{"id":"a47816c06c89","time":"2026-03-26T21:04:11+00:00","event":"current_user_id_from_post","data":{"raw":"","int":0,"portal_member_id_raw":"","portal_member_id_int":0}}
{"id":"3e7c3567e564","time":"2026-03-26T21:04:18+00:00","event":"request_received","data":{"method":"POST","request_keys_sample":["DOMAIN","PROTOCOL","LANG","APP_SID","current_user_id","portal_member_id","inn"],"has_placement_options":false,"placement_options_raw_len":0,"portal_member_id_from_request":0}}
{"id":"3e7c3567e564","time":"2026-03-26T21:04:18+00:00","event":"current_user_id_from_post","data":{"raw":"","int":0,"portal_member_id_raw":"76","portal_member_id_int":76}}
{"id":"3e7c3567e564","time":"2026-03-26T21:04:18+00:00","event":"current_user_set_from_portal_member_id_post","data":{"portal_member_id_set":"76"}}
{"id":"3e7c3567e564","time":"2026-03-26T21:04:20+00:00","event":"observer_user_id_used","data":{"user_id_int":76,"current_user_id_display":"76"}}
{"id":"7797a9570d26","time":"2026-03-26T21:04:22+00:00","event":"request_received","data":{"method":"POST","request_keys_sample":["DOMAIN","PROTOCOL","LANG","APP_SID","current_user_id","portal_member_id","inn"],"has_placement_options":false,"placement_options_raw_len":0,"portal_member_id_from_request":0}}
{"id":"7797a9570d26","time":"2026-03-26T21:04:22+00:00","event":"current_user_id_from_post","data":{"raw":"","int":0,"portal_member_id_raw":"0","portal_member_id_int":0}}
{"id":"7797a9570d26","time":"2026-03-26T21:04:25+00:00","event":"observer_user_id_used","data":{"user_id_int":2521,"current_user_id_display":"2521"}}
{"id":"cf8a6bb650f6","time":"2026-03-26T21:08:49+00:00","event":"request_received","data":{"method":"POST","request_keys_sample":["DOMAIN","PROTOCOL","LANG","APP_SID","AUTH_ID","AUTH_EXPIRES","REFRESH_ID","SERVER_ENDPOINT","member_id","status","PLACEMENT","PLACEMENT_OPTIONS"],"has_placement_options":true,"placement_options_raw_len":24,"portal_member_id_from_request":76}}
{"id":"cf8a6bb650f6","time":"2026-03-26T21:08:49+00:00","event":"current_user_id_from_post","data":{"raw":"","int":0,"portal_member_id_raw":"","portal_member_id_int":0}}
{"id":"8c6ce3cbaf59","time":"2026-03-26T21:08:56+00:00","event":"request_received","data":{"method":"POST","request_keys_sample":["DOMAIN","PROTOCOL","LANG","APP_SID","current_user_id","portal_member_id","inn"],"has_placement_options":false,"placement_options_raw_len":0,"portal_member_id_from_request":0}}
{"id":"8c6ce3cbaf59","time":"2026-03-26T21:08:56+00:00","event":"current_user_id_from_post","data":{"raw":"","int":0,"portal_member_id_raw":"76","portal_member_id_int":76}}
{"id":"8c6ce3cbaf59","time":"2026-03-26T21:08:56+00:00","event":"current_user_set_from_portal_member_id_post","data":{"portal_member_id_set":"76"}}
{"id":"8c6ce3cbaf59","time":"2026-03-26T21:08:58+00:00","event":"observer_user_id_used","data":{"user_id_int":76,"current_user_id_display":"76"}}
{"id":"c83bbe27166c","time":"2026-03-26T21:09:01+00:00","event":"request_received","data":{"method":"POST","request_keys_sample":["DOMAIN","PROTOCOL","LANG","APP_SID","current_user_id","portal_member_id","inn"],"has_placement_options":false,"placement_options_raw_len":0,"portal_member_id_from_request":0}}
{"id":"c83bbe27166c","time":"2026-03-26T21:09:01+00:00","event":"current_user_id_from_post","data":{"raw":"","int":0,"portal_member_id_raw":"0","portal_member_id_int":0}}
{"id":"c83bbe27166c","time":"2026-03-26T21:09:04+00:00","event":"observer_user_id_used","data":{"user_id_int":2521,"current_user_id_display":"2521"}}
{"id":"33b9c6504089","time":"2026-03-26T21:10:13+00:00","event":"request_received","data":{"method":"POST","request_keys_sample":["DOMAIN","PROTOCOL","LANG","APP_SID","AUTH_ID","AUTH_EXPIRES","REFRESH_ID","SERVER_ENDPOINT","member_id","status","PLACEMENT","PLACEMENT_OPTIONS"],"has_placement_options":true,"placement_options_raw_len":42,"portal_member_id_from_request":76}}
{"id":"33b9c6504089","time":"2026-03-26T21:10:13+00:00","event":"current_user_id_from_post","data":{"raw":"","int":0,"portal_member_id_raw":"","portal_member_id_int":0}}
{"id":"6e6d317d47e2","time":"2026-03-26T21:10:17+00:00","event":"request_received","data":{"method":"POST","request_keys_sample":["DOMAIN","PROTOCOL","LANG","APP_SID","AUTH_ID","AUTH_EXPIRES","REFRESH_ID","SERVER_ENDPOINT","member_id","status","PLACEMENT","PLACEMENT_OPTIONS"],"has_placement_options":true,"placement_options_raw_len":42,"portal_member_id_from_request":76}}
{"id":"6e6d317d47e2","time":"2026-03-26T21:10:17+00:00","event":"current_user_id_from_post","data":{"raw":"","int":0,"portal_member_id_raw":"","portal_member_id_int":0}}
{"id":"2a8a64e87309","time":"2026-03-26T21:10:26+00:00","event":"request_received","data":{"method":"POST","request_keys_sample":["DOMAIN","PROTOCOL","LANG","APP_SID","current_user_id","portal_member_id","inn"],"has_placement_options":false,"placement_options_raw_len":0,"portal_member_id_from_request":0}}
{"id":"2a8a64e87309","time":"2026-03-26T21:10:26+00:00","event":"current_user_id_from_post","data":{"raw":"","int":0,"portal_member_id_raw":"76","portal_member_id_int":76}}
{"id":"2a8a64e87309","time":"2026-03-26T21:10:26+00:00","event":"current_user_set_from_portal_member_id_post","data":{"portal_member_id_set":"76"}}
{"id":"2a8a64e87309","time":"2026-03-26T21:10:28+00:00","event":"observer_user_id_used","data":{"user_id_int":76,"current_user_id_display":"76"}}
{"id":"60dc3e3deaf5","time":"2026-03-26T21:10:31+00:00","event":"request_received","data":{"method":"POST","request_keys_sample":["DOMAIN","PROTOCOL","LANG","APP_SID","current_user_id","portal_member_id","inn"],"has_placement_options":false,"placement_options_raw_len":0,"portal_member_id_from_request":0}}
{"id":"60dc3e3deaf5","time":"2026-03-26T21:10:31+00:00","event":"current_user_id_from_post","data":{"raw":"","int":0,"portal_member_id_raw":"0","portal_member_id_int":0}}
{"id":"60dc3e3deaf5","time":"2026-03-26T21:10:33+00:00","event":"observer_user_id_used","data":{"user_id_int":2521,"current_user_id_display":"2521"}}
{"id":"7d334741f45a","time":"2026-03-26T21:10:36+00:00","event":"request_received","data":{"method":"POST","request_keys_sample":["DOMAIN","PROTOCOL","LANG","APP_SID","current_user_id","portal_member_id","inn"],"has_placement_options":false,"placement_options_raw_len":0,"portal_member_id_from_request":0}}
{"id":"7d334741f45a","time":"2026-03-26T21:10:36+00:00","event":"current_user_id_from_post","data":{"raw":"","int":0,"portal_member_id_raw":"0","portal_member_id_int":0}}
{"id":"7d334741f45a","time":"2026-03-26T21:10:39+00:00","event":"observer_user_id_used","data":{"user_id_int":2521,"current_user_id_display":"2521"}}
{"id":"772517a7bbbe","time":"2026-03-26T21:16:54+00:00","event":"request_received","data":{"method":"POST","request_keys_sample":["DOMAIN","PROTOCOL","LANG","APP_SID","AUTH_ID","AUTH_EXPIRES","REFRESH_ID","SERVER_ENDPOINT","member_id","status","PLACEMENT","PLACEMENT_OPTIONS"],"has_placement_options":true,"placement_options_raw_len":24,"portal_member_id_from_request":76}}
{"id":"6ddd66293400","time":"2026-03-26T21:17:07+00:00","event":"request_received","data":{"method":"POST","request_keys_sample":["DOMAIN","PROTOCOL","LANG","APP_SID","inn"],"has_placement_options":false,"placement_options_raw_len":0,"portal_member_id_from_request":0}}
{"id":"d6076b7ce7cc","time":"2026-03-26T21:17:22+00:00","event":"request_received","data":{"method":"POST","request_keys_sample":["DOMAIN","PROTOCOL","LANG","APP_SID","inn","observer_user_id"],"has_placement_options":false,"placement_options_raw_len":0,"portal_member_id_from_request":0}}
{"id":"36705474aecb","time":"2026-03-26T21:18:26+00:00","event":"request_received","data":{"method":"POST","request_keys_sample":["DOMAIN","PROTOCOL","LANG","APP_SID","AUTH_ID","AUTH_EXPIRES","REFRESH_ID","SERVER_ENDPOINT","member_id","status","PLACEMENT","PLACEMENT_OPTIONS"],"has_placement_options":true,"placement_options_raw_len":24,"portal_member_id_from_request":76}}
{"id":"889a271068c3","time":"2026-03-26T21:18:30+00:00","event":"request_received","data":{"method":"POST","request_keys_sample":["DOMAIN","PROTOCOL","LANG","APP_SID","inn"],"has_placement_options":false,"placement_options_raw_len":0,"portal_member_id_from_request":0}}
{"id":"e5c585dbcaf8","time":"2026-03-26T21:18:46+00:00","event":"request_received","data":{"method":"POST","request_keys_sample":["DOMAIN","PROTOCOL","LANG","APP_SID","inn","observer_user_id"],"has_placement_options":false,"placement_options_raw_len":0,"portal_member_id_from_request":0}}
{"id":"4a357c632300","time":"2026-04-16T12:46:00+02:00","event":"request_received","data":{"method":"GET","request_keys_sample":[],"has_placement_options":false,"placement_options_raw_len":0,"portal_member_id_from_request":0}}
{"id":"1c21d7767479","time":"2026-04-16T12:46:09+02:00","event":"request_received","data":{"method":"POST","request_keys_sample":["observer_user_id","inn"],"has_placement_options":false,"placement_options_raw_len":0,"portal_member_id_from_request":0}}
{"id":"5c9dd60a8ef1","time":"2026-04-16T12:46:12+02:00","event":"request_received","data":{"method":"POST","request_keys_sample":["observer_user_id","inn"],"has_placement_options":false,"placement_options_raw_len":0,"portal_member_id_from_request":0}}
{"id":"60ce7ff49d1c","time":"2026-04-16T12:51:58+02:00","event":"request_received","data":{"method":"POST","request_keys_sample":["DOMAIN","PROTOCOL","LANG","APP_SID","AUTH_ID","AUTH_EXPIRES","REFRESH_ID","SERVER_ENDPOINT","member_id","status","PLACEMENT","PLACEMENT_OPTIONS"],"has_placement_options":true,"placement_options_raw_len":24,"portal_member_id_from_request":76}}
{"id":"60ce7ff49d1c","time":"2026-04-16T12:51:58+02:00","event":"extract.user_from_placement_options","data":{"placement_options_raw_len":24,"placement_options_keys_top":["install_finished"],"direct_keys_present_in_placement":[]}}
{"id":"60ce7ff49d1c","time":"2026-04-16T12:51:58+02:00","event":"extract.user_from_direct_keys","data":{"key":"member_id","id":76}}
{"id":"d4fe9c67ed27","time":"2026-04-16T12:52:22+02:00","event":"request_received","data":{"method":"POST","request_keys_sample":["DOMAIN","PROTOCOL","LANG","APP_SID","observer_user_id","inn"],"has_placement_options":false,"placement_options_raw_len":0,"portal_member_id_from_request":0}}
{"id":"7f07b11fbd9b","time":"2026-04-16T12:52:26+02:00","event":"request_received","data":{"method":"POST","request_keys_sample":["DOMAIN","PROTOCOL","LANG","APP_SID","observer_user_id","inn"],"has_placement_options":false,"placement_options_raw_len":0,"portal_member_id_from_request":0}}
{"id":"152e666816a4","time":"2026-04-16T12:52:26+02:00","event":"request_received","data":{"method":"POST","request_keys_sample":["DOMAIN","PROTOCOL","LANG","APP_SID","observer_user_id","inn"],"has_placement_options":false,"placement_options_raw_len":0,"portal_member_id_from_request":0}}
{"id":"cac946e3ef79","time":"2026-04-16T12:52:26+02:00","event":"request_received","data":{"method":"POST","request_keys_sample":["DOMAIN","PROTOCOL","LANG","APP_SID","observer_user_id","inn"],"has_placement_options":false,"placement_options_raw_len":0,"portal_member_id_from_request":0}}
{"id":"06420ee76164","time":"2026-04-16T12:52:29+02:00","event":"request_received","data":{"method":"POST","request_keys_sample":["DOMAIN","PROTOCOL","LANG","APP_SID","observer_user_id","inn"],"has_placement_options":false,"placement_options_raw_len":0,"portal_member_id_from_request":0}}
{"id":"df4d3f2050bc","time":"2026-04-16T12:52:37+02:00","event":"request_received","data":{"method":"POST","request_keys_sample":["DOMAIN","PROTOCOL","LANG","APP_SID","AUTH_ID","AUTH_EXPIRES","REFRESH_ID","SERVER_ENDPOINT","member_id","status","PLACEMENT","PLACEMENT_OPTIONS"],"has_placement_options":true,"placement_options_raw_len":42,"portal_member_id_from_request":76}}
{"id":"df4d3f2050bc","time":"2026-04-16T12:52:37+02:00","event":"extract.user_from_placement_options","data":{"placement_options_raw_len":42,"placement_options_keys_top":["IFRAME","IFRAME_TYPE"],"direct_keys_present_in_placement":[]}}
{"id":"df4d3f2050bc","time":"2026-04-16T12:52:37+02:00","event":"extract.user_from_direct_keys","data":{"key":"member_id","id":76}}
{"id":"5022922bc173","time":"2026-04-16T12:52:43+02:00","event":"request_received","data":{"method":"POST","request_keys_sample":["DOMAIN","PROTOCOL","LANG","APP_SID","observer_user_id","inn"],"has_placement_options":false,"placement_options_raw_len":0,"portal_member_id_from_request":0}}
{"id":"322dfa31a838","time":"2026-04-16T12:52:47+02:00","event":"request_received","data":{"method":"POST","request_keys_sample":["DOMAIN","PROTOCOL","LANG","APP_SID","observer_user_id","inn"],"has_placement_options":false,"placement_options_raw_len":0,"portal_member_id_from_request":0}}
{"id":"322dfa31a838","time":"2026-04-16T12:52:47+02:00","event":"request_received","data":{"method":"POST","request_keys_sample":["DOMAIN","PROTOCOL","LANG","APP_SID","observer_user_id","inn"],"has_placement_options":false,"placement_options_raw_len":0,"portal_member_id_from_request":0}}
{"id":"db249905be66","time":"2026-04-16T12:52:47+02:00","event":"request_received","data":{"method":"POST","request_keys_sample":["DOMAIN","PROTOCOL","LANG","APP_SID","observer_user_id","inn"],"has_placement_options":false,"placement_options_raw_len":0,"portal_member_id_from_request":0}}
{"id":"1bf8b716f9f6","time":"2026-04-16T12:52:47+02:00","event":"request_received","data":{"method":"POST","request_keys_sample":["DOMAIN","PROTOCOL","LANG","APP_SID","observer_user_id","inn"],"has_placement_options":false,"placement_options_raw_len":0,"portal_member_id_from_request":0}}
{"id":"827e26b5137f","time":"2026-04-16T12:59:23+02:00","event":"request_received","data":{"method":"POST","request_keys_sample":["DOMAIN","PROTOCOL","LANG","APP_SID","AUTH_ID","AUTH_EXPIRES","REFRESH_ID","SERVER_ENDPOINT","member_id","status","PLACEMENT","PLACEMENT_OPTIONS"],"has_placement_options":true,"placement_options_raw_len":24,"portal_member_id_from_request":76}}
{"id":"827e26b5137f","time":"2026-04-16T12:59:23+02:00","event":"extract.user_from_placement_options","data":{"placement_options_raw_len":24,"placement_options_keys_top":["install_finished"],"direct_keys_present_in_placement":[]}}
{"id":"827e26b5137f","time":"2026-04-16T12:59:23+02:00","event":"extract.user_from_direct_keys","data":{"key":"member_id","id":76}}
{"id":"7e09fda45d1d","time":"2026-04-16T12:59:27+02:00","event":"request_received","data":{"method":"POST","request_keys_sample":["DOMAIN","PROTOCOL","LANG","APP_SID","observer_user_id","inn"],"has_placement_options":false,"placement_options_raw_len":0,"portal_member_id_from_request":0}}
{"id":"3c7dbbd621d7","time":"2026-04-16T12:59:59+02:00","event":"request_received","data":{"method":"POST","request_keys_sample":["DOMAIN","PROTOCOL","LANG","APP_SID","observer_user_id","inn"],"has_placement_options":false,"placement_options_raw_len":0,"portal_member_id_from_request":0}}
{"id":"9e46c2adfc0d","time":"2026-04-16T13:00:10+02:00","event":"request_received","data":{"method":"POST","request_keys_sample":["DOMAIN","PROTOCOL","LANG","APP_SID","observer_user_id","inn"],"has_placement_options":false,"placement_options_raw_len":0,"portal_member_id_from_request":0}}
{"id":"99a2ceb2dab0","time":"2026-04-16T13:00:21+02:00","event":"request_received","data":{"method":"POST","request_keys_sample":["DOMAIN","PROTOCOL","LANG","APP_SID","observer_user_id","inn"],"has_placement_options":false,"placement_options_raw_len":0,"portal_member_id_from_request":0}}
{"id":"411323873461","time":"2026-04-16T13:00:28+02:00","event":"request_received","data":{"method":"POST","request_keys_sample":["DOMAIN","PROTOCOL","LANG","APP_SID","observer_user_id","inn"],"has_placement_options":false,"placement_options_raw_len":0,"portal_member_id_from_request":0}}
{"id":"cc7b4865e78e","time":"2026-04-16T13:00:32+02:00","event":"request_received","data":{"method":"POST","request_keys_sample":["DOMAIN","PROTOCOL","LANG","APP_SID","observer_user_id","inn"],"has_placement_options":false,"placement_options_raw_len":0,"portal_member_id_from_request":0}}
{"id":"6fb79da78d32","time":"2026-04-16T13:13:27+02:00","event":"request_received","data":{"method":"POST","request_keys_sample":["DOMAIN","PROTOCOL","LANG","APP_SID","AUTH_ID","AUTH_EXPIRES","REFRESH_ID","SERVER_ENDPOINT","member_id","status","PLACEMENT","PLACEMENT_OPTIONS"],"has_placement_options":true,"placement_options_raw_len":24,"portal_member_id_from_request":76}}
{"id":"6fb79da78d32","time":"2026-04-16T13:13:27+02:00","event":"extract.user_from_placement_options","data":{"placement_options_raw_len":24,"placement_options_keys_top":["install_finished"],"direct_keys_present_in_placement":[]}}
{"id":"6fb79da78d32","time":"2026-04-16T13:13:27+02:00","event":"extract.user_from_direct_keys","data":{"key":"member_id","id":76}}
{"id":"fdc9fb746edb","time":"2026-04-16T13:13:40+02:00","event":"request_received","data":{"method":"POST","request_keys_sample":["DOMAIN","PROTOCOL","LANG","APP_SID","observer_user_id","inn"],"has_placement_options":false,"placement_options_raw_len":0,"portal_member_id_from_request":0}}
{"id":"c6a9b25b2b14","time":"2026-04-16T13:14:03+02:00","event":"request_received","data":{"method":"POST","request_keys_sample":["DOMAIN","PROTOCOL","LANG","APP_SID","observer_user_id","inn"],"has_placement_options":false,"placement_options_raw_len":0,"portal_member_id_from_request":0}}
{"id":"5d3c27f290d2","time":"2026-04-16T13:14:31+02:00","event":"request_received","data":{"method":"GET","request_keys_sample":["bind_tabs"],"has_placement_options":false,"placement_options_raw_len":0,"portal_member_id_from_request":0}}
{"id":"717fac91a5ab","time":"2026-04-16T13:14:35+02:00","event":"request_received","data":{"method":"POST","request_keys_sample":["DOMAIN","PROTOCOL","LANG","APP_SID","AUTH_ID","AUTH_EXPIRES","REFRESH_ID","SERVER_ENDPOINT","member_id","status","PLACEMENT","PLACEMENT_OPTIONS"],"has_placement_options":true,"placement_options_raw_len":42,"portal_member_id_from_request":76}}
{"id":"717fac91a5ab","time":"2026-04-16T13:14:35+02:00","event":"extract.user_from_placement_options","data":{"placement_options_raw_len":42,"placement_options_keys_top":["IFRAME","IFRAME_TYPE"],"direct_keys_present_in_placement":[]}}
{"id":"717fac91a5ab","time":"2026-04-16T13:14:35+02:00","event":"extract.user_from_direct_keys","data":{"key":"member_id","id":76}}
{"id":"bf06a6e93bac","time":"2026-04-16T14:22:12+02:00","event":"request_received","data":{"method":"POST","request_keys_sample":["DOMAIN","PROTOCOL","LANG","APP_SID","AUTH_ID","AUTH_EXPIRES","REFRESH_ID","SERVER_ENDPOINT","member_id","status","PLACEMENT","PLACEMENT_OPTIONS"],"has_placement_options":true,"placement_options_raw_len":24,"portal_member_id_from_request":76}}
{"id":"bf06a6e93bac","time":"2026-04-16T14:22:12+02:00","event":"extract.user_from_placement_options","data":{"placement_options_raw_len":24,"placement_options_keys_top":["install_finished"],"direct_keys_present_in_placement":[]}}
{"id":"bf06a6e93bac","time":"2026-04-16T14:22:12+02:00","event":"extract.user_from_direct_keys","data":{"key":"member_id","id":76}}
{"id":"bf06a6e93bac","time":"2026-04-16T14:22:12+02:00","event":"observer.resolve.from_request_context","data":{"observer_user_id":76}}
{"id":"fcd6b83ea29e","time":"2026-04-16T14:23:19+02:00","event":"request_received","data":{"method":"POST","request_keys_sample":["DOMAIN","PROTOCOL","LANG","APP_SID","observer_user_id","inn"],"has_placement_options":false,"placement_options_raw_len":0,"portal_member_id_from_request":0}}
{"id":"fcd6b83ea29e","time":"2026-04-16T14:23:19+02:00","event":"observer.resolve.from_post","data":{"observer_user_id":76}}
{"id":"cc21c9450313","time":"2026-04-16T14:23:21+02:00","event":"request_received","data":{"method":"POST","request_keys_sample":["DOMAIN","PROTOCOL","LANG","APP_SID","observer_user_id","inn"],"has_placement_options":false,"placement_options_raw_len":0,"portal_member_id_from_request":0}}
{"id":"cc21c9450313","time":"2026-04-16T14:23:21+02:00","event":"observer.resolve.from_post","data":{"observer_user_id":76}}
{"id":"96331a0ec479","time":"2026-04-16T14:28:26+02:00","event":"request_received","data":{"method":"POST","request_keys_sample":["DOMAIN","PROTOCOL","LANG","APP_SID","AUTH_ID","AUTH_EXPIRES","REFRESH_ID","SERVER_ENDPOINT","member_id","status","PLACEMENT","PLACEMENT_OPTIONS"],"has_placement_options":true,"placement_options_raw_len":65,"portal_member_id_from_request":76}}
{"id":"96331a0ec479","time":"2026-04-16T14:28:27+02:00","event":"observer.resolve.from_posted_auth","data":{"observer_user_id":1,"domain":"devcrm.prom23.ru"}}
{"id":"3c46e7bdeeca","time":"2026-04-16T14:28:37+02:00","event":"request_received","data":{"method":"POST","request_keys_sample":["DOMAIN","PROTOCOL","LANG","APP_SID","observer_user_id","observer_auth_id","observer_refresh_id","observer_domain","observer_protocol","inn"],"has_placement_options":false,"placement_options_raw_len":0,"portal_member_id_from_request":0}}
{"id":"3c46e7bdeeca","time":"2026-04-16T14:28:38+02:00","event":"observer.resolve.from_posted_auth","data":{"observer_user_id":1,"domain":"devcrm.prom23.ru"}}
{"id":"06cf04a53c28","time":"2026-04-16T14:28:41+02:00","event":"request_received","data":{"method":"POST","request_keys_sample":["DOMAIN","PROTOCOL","LANG","APP_SID","observer_user_id","observer_auth_id","observer_refresh_id","observer_domain","observer_protocol","inn"],"has_placement_options":false,"placement_options_raw_len":0,"portal_member_id_from_request":0}}
{"id":"06cf04a53c28","time":"2026-04-16T14:28:42+02:00","event":"observer.resolve.from_posted_auth","data":{"observer_user_id":1,"domain":"devcrm.prom23.ru"}}
{"id":"40037ca0c72f","time":"2026-04-16T14:33:19+02:00","event":"request_received","data":{"method":"POST","request_keys_sample":["DOMAIN","PROTOCOL","LANG","APP_SID","AUTH_ID","AUTH_EXPIRES","REFRESH_ID","SERVER_ENDPOINT","member_id","status","PLACEMENT","PLACEMENT_OPTIONS"],"has_placement_options":true,"placement_options_raw_len":42,"portal_member_id_from_request":76}}
{"id":"40037ca0c72f","time":"2026-04-16T14:33:21+02:00","event":"observer.resolve.from_posted_auth","data":{"observer_user_id":623,"domain":"devcrm.prom23.ru"}}
{"id":"2264aa90eb78","time":"2026-04-16T14:33:29+02:00","event":"request_received","data":{"method":"POST","request_keys_sample":["DOMAIN","PROTOCOL","LANG","APP_SID","observer_user_id","observer_auth_id","observer_refresh_id","observer_domain","observer_protocol","inn"],"has_placement_options":false,"placement_options_raw_len":0,"portal_member_id_from_request":0}}
{"id":"2264aa90eb78","time":"2026-04-16T14:33:30+02:00","event":"observer.resolve.from_posted_auth","data":{"observer_user_id":623,"domain":"devcrm.prom23.ru"}}
